<?xml version="1.0" encoding="UTF-8"?>
<!-- Generated by org.testng.reporters.JUnitXMLReporter -->
<testsuite ignored="0" hostname="Admin" failures="1" tests="2" name="Regresstion test testsuite on firefox" time="105.982" errors="0" timestamp="2024-09-17T23:06:31 ICT">
  <testcase classname="automation.testsuite.Bepantoan_btvnday18" name="CallMessage" time="8.889"/>
  <testcase classname="automation.testsuite.DienmayHungAnh_btvnday18" name="CallZalo" time="64.776">
    <failure type="java.lang.AssertionError" message="expected [true] but found [false]">
      <![CDATA[java.lang.AssertionError: expected [true] but found [false]
at automation.testsuite.DienmayHungAnh_btvnday18.CallZalo(DienmayHungAnh_btvnday18.java:36)
at java.base/java.util.ArrayList.forEach(ArrayList.java:1597)
... Removed 29 stack frames]]>
    </failure>
  </testcase> <!-- CallZalo -->
</testsuite> <!-- Regresstion test testsuite on firefox -->
