<?xml version="1.0" encoding="UTF-8"?>
<!-- Generated by org.testng.reporters.JUnitXMLReporter -->
<testsuite ignored="0" hostname="Admin" failures="1" tests="2" name="Regresstion test testsuite on chrome" time="92.56" errors="0" timestamp="2024-09-17T23:04:45 ICT">
  <testcase classname="automation.testsuite.Bepantoan_btvnday18" name="CallMessage" time="69.211">
    <failure type="java.lang.AssertionError" message="expected [true] but found [false]">
      <![CDATA[java.lang.AssertionError: expected [true] but found [false]
at automation.testsuite.Bepantoan_btvnday18.CallMessage(Bepantoan_btvnday18.java:37)
at java.base/java.util.ArrayList.forEach(ArrayList.java:1597)
... Removed 29 stack frames]]>
    </failure>
  </testcase> <!-- CallMessage -->
  <testcase classname="automation.testsuite.DienmayHungAnh_btvnday18" name="CallZalo" time="3.776"/>
</testsuite> <!-- Regresstion test testsuite on chrome -->
